[debug] [2024-02-24T07:49:39.245Z] ----------------------------------------------------------------------
[debug] [2024-02-24T07:49:39.258Z] Command:       C:\Program Files\nodejs\node.exe C:\Users\ushab\AppData\Roaming\npm\node_modules\firebase-tools\lib\bin\firebase.js init
[debug] [2024-02-24T07:49:39.259Z] CLI Version:   12.0.0
[debug] [2024-02-24T07:49:39.259Z] Platform:      win32
[debug] [2024-02-24T07:49:39.260Z] Node Version:  v21.6.2
[debug] [2024-02-24T07:49:39.260Z] Time:          Sat Feb 24 2024 13:19:39 GMT+0530 (India Standard Time)
[debug] [2024-02-24T07:49:39.260Z] ----------------------------------------------------------------------
[debug] 
[debug] [2024-02-24T07:49:39.273Z] >>> [apiv2][query] GET https://firebase-public.firebaseio.com/cli.json [none]
[debug] [2024-02-24T07:49:39.772Z] > command requires scopes: ["email","openid","https://www.googleapis.com/auth/cloudplatformprojects.readonly","https://www.googleapis.com/auth/firebase","https://www.googleapis.com/auth/cloud-platform"]
[debug] [2024-02-24T07:49:39.773Z] > authorizing via signed-in user (ushabhati0202@gmail.com)
[info] 
     ######## #### ########  ######## ########     ###     ######  ########
     ##        ##  ##     ## ##       ##     ##  ##   ##  ##       ##
     ######    ##  ########  ######   ########  #########  ######  ######
     ##        ##  ##    ##  ##       ##     ## ##     ##       ## ##
     ##       #### ##     ## ######## ########  ##     ##  ######  ########

You're about to initialize a Firebase project in this directory:

  C:\Delsuvidha\landing_page

Before we get started, keep in mind:

  * You are currently outside your home directory
  * You are initializing within an existing Firebase project directory

[debug] [2024-02-24T07:49:40.653Z] <<< [apiv2][status] GET https://firebase-public.firebaseio.com/cli.json 200
[debug] [2024-02-24T07:49:40.654Z] <<< [apiv2][body] GET https://firebase-public.firebaseio.com/cli.json {"cloudBuildErrorAfter":1594252800000,"cloudBuildWarnAfter":1590019200000,"defaultNode10After":1594252800000,"minVersion":"3.0.5","node8DeploysDisabledAfter":1613390400000,"node8RuntimeDisabledAfter":1615809600000,"node8WarnAfter":1600128000000}
[debug] [2024-02-24T07:50:02.084Z] ----------------------------------------------------------------------
[debug] [2024-02-24T07:50:02.094Z] Command:       C:\Program Files\nodejs\node.exe C:\Users\ushab\AppData\Roaming\npm\node_modules\firebase-tools\lib\bin\firebase.js init hosting
[debug] [2024-02-24T07:50:02.095Z] CLI Version:   12.0.0
[debug] [2024-02-24T07:50:02.095Z] Platform:      win32
[debug] [2024-02-24T07:50:02.096Z] Node Version:  v21.6.2
[debug] [2024-02-24T07:50:02.096Z] Time:          Sat Feb 24 2024 13:20:02 GMT+0530 (India Standard Time)
[debug] [2024-02-24T07:50:02.096Z] ----------------------------------------------------------------------
[debug] 
[debug] [2024-02-24T07:50:02.259Z] > command requires scopes: ["email","openid","https://www.googleapis.com/auth/cloudplatformprojects.readonly","https://www.googleapis.com/auth/firebase","https://www.googleapis.com/auth/cloud-platform"]
[debug] [2024-02-24T07:50:02.260Z] > authorizing via signed-in user (ushabhati0202@gmail.com)
[info] 
     ######## #### ########  ######## ########     ###     ######  ########
     ##        ##  ##     ## ##       ##     ##  ##   ##  ##       ##
     ######    ##  ########  ######   ########  #########  ######  ######
     ##        ##  ##    ##  ##       ##     ## ##     ##       ## ##
     ##       #### ##     ## ######## ########  ##     ##  ######  ########

You're about to initialize a Firebase project in this directory:

  C:\Delsuvidha\landing_page

Before we get started, keep in mind:

  * You are currently outside your home directory
  * You are initializing within an existing Firebase project directory

[info] 
=== Project Setup
[info] 
[info] First, let's associate this project directory with a Firebase project.
[info] You can create multiple project aliases by running firebase use --add, 
[info] but for now we'll just set up a default project.
[info] 
[debug] [2024-02-24T07:50:05.712Z] Using project from CLI flag: delsuvidha
[debug] [2024-02-24T07:50:05.715Z] > refreshing access token with scopes: []
[debug] [2024-02-24T07:50:05.727Z] >>> [apiv2][query] POST https://www.googleapis.com/oauth2/v3/token [none]
[debug] [2024-02-24T07:50:05.728Z] >>> [apiv2][body] POST https://www.googleapis.com/oauth2/v3/token [omitted]
[debug] [2024-02-24T07:50:06.333Z] <<< [apiv2][status] POST https://www.googleapis.com/oauth2/v3/token 400
[debug] [2024-02-24T07:50:06.333Z] <<< [apiv2][body] POST https://www.googleapis.com/oauth2/v3/token [omitted]
[debug] [2024-02-24T07:50:06.334Z] >>> [apiv2][query] GET https://firebase.googleapis.com/v1beta1/projects/delsuvidha [none]
[debug] [2024-02-24T07:50:06.752Z] <<< [apiv2][status] GET https://firebase.googleapis.com/v1beta1/projects/delsuvidha 401
[debug] [2024-02-24T07:50:06.752Z] <<< [apiv2][body] GET https://firebase.googleapis.com/v1beta1/projects/delsuvidha {"error":{"code":401,"message":"Request had invalid authentication credentials. Expected OAuth 2 access token, login cookie or other valid authentication credential. See https://developers.google.com/identity/sign-in/web/devconsole-project.","status":"UNAUTHENTICATED"}}
[debug] [2024-02-24T07:50:06.753Z] HTTP Error: 401, Request had invalid authentication credentials. Expected OAuth 2 access token, login cookie or other valid authentication credential. See https://developers.google.com/identity/sign-in/web/devconsole-project.
[debug] [2024-02-24T07:50:07.142Z] FirebaseError: HTTP Error: 401, Request had invalid authentication credentials. Expected OAuth 2 access token, login cookie or other valid authentication credential. See https://developers.google.com/identity/sign-in/web/devconsole-project.
    at responseToError (C:\Users\ushab\AppData\Roaming\npm\node_modules\firebase-tools\lib\responseToError.js:49:12)
    at RetryOperation._fn (C:\Users\ushab\AppData\Roaming\npm\node_modules\firebase-tools\lib\apiv2.js:288:77)
    at process.processTicksAndRejections (node:internal/process/task_queues:95:5)
[error] 
[error] Error: Failed to get Firebase project delsuvidha. Please make sure the project exists and your account has permission to access it.
